{"D:\\Hacktiv8\\p2\\ip\\yomi\\server\\app.js": {"path":"D:\\Hacktiv8\\p2\\ip\\yomi\\server\\app.js","statementMap":{"0":{"start":{"line":1,"column":0},"end":{"line":3,"column":1}},"1":{"start":{"line":2,"column":2},"end":{"line":2,"column":29}},"2":{"start":{"line":4,"column":16},"end":{"line":4,"column":34}},"3":{"start":{"line":5,"column":13},"end":{"line":5,"column":28}},"4":{"start":{"line":6,"column":25},"end":{"line":6,"column":62}},"5":{"start":{"line":7,"column":15},"end":{"line":7,"column":34}},"6":{"start":{"line":8,"column":12},"end":{"line":8,"column":21}},"7":{"start":{"line":10,"column":13},"end":{"line":10,"column":37}},"8":{"start":{"line":12,"column":0},"end":{"line":12,"column":24}},"9":{"start":{"line":13,"column":0},"end":{"line":13,"column":48}},"10":{"start":{"line":14,"column":0},"end":{"line":14,"column":16}},"11":{"start":{"line":16,"column":0},"end":{"line":16,"column":16}},"12":{"start":{"line":17,"column":0},"end":{"line":17,"column":22}},"13":{"start":{"line":23,"column":0},"end":{"line":23,"column":21}}},"fnMap":{},"branchMap":{"0":{"loc":{"start":{"line":1,"column":0},"end":{"line":3,"column":1}},"type":"if","locations":[{"start":{"line":1,"column":0},"end":{"line":3,"column":1}},{"start":{},"end":{}}],"line":1},"1":{"loc":{"start":{"line":10,"column":13},"end":{"line":10,"column":37}},"type":"binary-expr","locations":[{"start":{"line":10,"column":13},"end":{"line":10,"column":29}},{"start":{"line":10,"column":33},"end":{"line":10,"column":37}}],"line":10}},"s":{"0":1,"1":1,"2":1,"3":1,"4":1,"5":1,"6":1,"7":1,"8":1,"9":1,"10":1,"11":1,"12":1,"13":1},"f":{},"b":{"0":[1,0],"1":[1,1]},"_coverageSchema":"1a1c01bbd47fc00a2c39e90264f33305004495a9","hash":"c5c53ea2eb46675f6eb2756534f5f95468c45779"}
,"D:\\Hacktiv8\\p2\\ip\\yomi\\server\\controllers\\index.js": {"path":"D:\\Hacktiv8\\p2\\ip\\yomi\\server\\controllers\\index.js","statementMap":{"0":{"start":{"line":1,"column":39},"end":{"line":1,"column":65}},"1":{"start":{"line":2,"column":14},"end":{"line":2,"column":38}},"2":{"start":{"line":4,"column":0},"end":{"line":134,"column":2}},"3":{"start":{"line":6,"column":4},"end":{"line":20,"column":5}},"4":{"start":{"line":7,"column":21},"end":{"line":7,"column":31}},"5":{"start":{"line":8,"column":22},"end":{"line":15,"column":8}},"6":{"start":{"line":16,"column":6},"end":{"line":16,"column":54}},"7":{"start":{"line":16,"column":20},"end":{"line":16,"column":54}},"8":{"start":{"line":17,"column":6},"end":{"line":17,"column":24}},"9":{"start":{"line":19,"column":6},"end":{"line":19,"column":18}},"10":{"start":{"line":24,"column":4},"end":{"line":33,"column":5}},"11":{"start":{"line":25,"column":21},"end":{"line":25,"column":31}},"12":{"start":{"line":26,"column":37},"end":{"line":26,"column":45}},"13":{"start":{"line":28,"column":6},"end":{"line":28,"column":70}},"14":{"start":{"line":30,"column":6},"end":{"line":30,"column":56}},"15":{"start":{"line":32,"column":6},"end":{"line":32,"column":18}},"16":{"start":{"line":37,"column":4},"end":{"line":68,"column":5}},"17":{"start":{"line":38,"column":26},"end":{"line":38,"column":34}},"18":{"start":{"line":39,"column":20},"end":{"line":39,"column":63}},"19":{"start":{"line":40,"column":6},"end":{"line":40,"column":50}},"20":{"start":{"line":40,"column":18},"end":{"line":40,"column":50}},"21":{"start":{"line":41,"column":6},"end":{"line":41,"column":68}},"22":{"start":{"line":41,"column":40},"end":{"line":41,"column":68}},"23":{"start":{"line":42,"column":6},"end":{"line":43,"column":43}},"24":{"start":{"line":43,"column":8},"end":{"line":43,"column":43}},"25":{"start":{"line":44,"column":6},"end":{"line":44,"column":65}},"26":{"start":{"line":44,"column":35},"end":{"line":44,"column":65}},"27":{"start":{"line":46,"column":24},"end":{"line":46,"column":74}},"28":{"start":{"line":47,"column":30},"end":{"line":47,"column":77}},"29":{"start":{"line":49,"column":23},"end":{"line":56,"column":7}},"30":{"start":{"line":58,"column":6},"end":{"line":63,"column":7}},"31":{"start":{"line":59,"column":8},"end":{"line":59,"column":58}},"32":{"start":{"line":60,"column":8},"end":{"line":60,"column":69}},"33":{"start":{"line":62,"column":8},"end":{"line":62,"column":40}},"34":{"start":{"line":65,"column":6},"end":{"line":65,"column":47}},"35":{"start":{"line":67,"column":6},"end":{"line":67,"column":18}},"36":{"start":{"line":72,"column":4},"end":{"line":99,"column":5}},"37":{"start":{"line":73,"column":26},"end":{"line":73,"column":36}},"38":{"start":{"line":74,"column":23},"end":{"line":77,"column":8}},"39":{"start":{"line":79,"column":23},"end":{"line":79,"column":36}},"40":{"start":{"line":80,"column":6},"end":{"line":80,"column":49}},"41":{"start":{"line":80,"column":17},"end":{"line":80,"column":49}},"42":{"start":{"line":82,"column":19},"end":{"line":82,"column":73}},"43":{"start":{"line":82,"column":50},"end":{"line":82,"column":72}},"44":{"start":{"line":83,"column":28},"end":{"line":86,"column":8}},"45":{"start":{"line":88,"column":6},"end":{"line":92,"column":9}},"46":{"start":{"line":94,"column":6},"end":{"line":96,"column":79}},"47":{"start":{"line":98,"column":6},"end":{"line":98,"column":18}},"48":{"start":{"line":103,"column":4},"end":{"line":109,"column":5}},"49":{"start":{"line":104,"column":23},"end":{"line":104,"column":33}},"50":{"start":{"line":105,"column":19},"end":{"line":105,"column":46}},"51":{"start":{"line":106,"column":6},"end":{"line":106,"column":20}},"52":{"start":{"line":108,"column":6},"end":{"line":108,"column":17}},"53":{"start":{"line":113,"column":4},"end":{"line":121,"column":5}},"54":{"start":{"line":114,"column":25},"end":{"line":114,"column":35}},"55":{"start":{"line":115,"column":35},"end":{"line":115,"column":43}},"56":{"start":{"line":116,"column":6},"end":{"line":116,"column":73}},"57":{"start":{"line":118,"column":6},"end":{"line":118,"column":54}},"58":{"start":{"line":120,"column":6},"end":{"line":120,"column":18}},"59":{"start":{"line":125,"column":4},"end":{"line":132,"column":5}},"60":{"start":{"line":126,"column":25},"end":{"line":126,"column":35}},"61":{"start":{"line":127,"column":6},"end":{"line":127,"column":52}},"62":{"start":{"line":129,"column":6},"end":{"line":129,"column":54}},"63":{"start":{"line":131,"column":6},"end":{"line":131,"column":18}}},"fnMap":{"0":{"name":"(anonymous_0)","decl":{"start":{"line":5,"column":2},"end":{"line":5,"column":3}},"loc":{"start":{"line":5,"column":43},"end":{"line":21,"column":3}},"line":5},"1":{"name":"(anonymous_1)","decl":{"start":{"line":23,"column":2},"end":{"line":23,"column":3}},"loc":{"start":{"line":23,"column":43},"end":{"line":34,"column":3}},"line":23},"2":{"name":"(anonymous_2)","decl":{"start":{"line":36,"column":2},"end":{"line":36,"column":3}},"loc":{"start":{"line":36,"column":39},"end":{"line":69,"column":3}},"line":36},"3":{"name":"(anonymous_3)","decl":{"start":{"line":71,"column":2},"end":{"line":71,"column":3}},"loc":{"start":{"line":71,"column":39},"end":{"line":100,"column":3}},"line":71},"4":{"name":"(anonymous_4)","decl":{"start":{"line":82,"column":43},"end":{"line":82,"column":44}},"loc":{"start":{"line":82,"column":50},"end":{"line":82,"column":72}},"line":82},"5":{"name":"(anonymous_5)","decl":{"start":{"line":102,"column":2},"end":{"line":102,"column":3}},"loc":{"start":{"line":102,"column":39},"end":{"line":110,"column":3}},"line":102},"6":{"name":"(anonymous_6)","decl":{"start":{"line":112,"column":2},"end":{"line":112,"column":3}},"loc":{"start":{"line":112,"column":40},"end":{"line":122,"column":3}},"line":112},"7":{"name":"(anonymous_7)","decl":{"start":{"line":124,"column":2},"end":{"line":124,"column":3}},"loc":{"start":{"line":124,"column":42},"end":{"line":133,"column":3}},"line":124}},"branchMap":{"0":{"loc":{"start":{"line":16,"column":6},"end":{"line":16,"column":54}},"type":"if","locations":[{"start":{"line":16,"column":6},"end":{"line":16,"column":54}},{"start":{},"end":{}}],"line":16},"1":{"loc":{"start":{"line":40,"column":6},"end":{"line":40,"column":50}},"type":"if","locations":[{"start":{"line":40,"column":6},"end":{"line":40,"column":50}},{"start":{},"end":{}}],"line":40},"2":{"loc":{"start":{"line":41,"column":6},"end":{"line":41,"column":68}},"type":"if","locations":[{"start":{"line":41,"column":6},"end":{"line":41,"column":68}},{"start":{},"end":{}}],"line":41},"3":{"loc":{"start":{"line":42,"column":6},"end":{"line":43,"column":43}},"type":"if","locations":[{"start":{"line":42,"column":6},"end":{"line":43,"column":43}},{"start":{},"end":{}}],"line":42},"4":{"loc":{"start":{"line":44,"column":6},"end":{"line":44,"column":65}},"type":"if","locations":[{"start":{"line":44,"column":6},"end":{"line":44,"column":65}},{"start":{},"end":{}}],"line":44},"5":{"loc":{"start":{"line":58,"column":6},"end":{"line":63,"column":7}},"type":"if","locations":[{"start":{"line":58,"column":6},"end":{"line":63,"column":7}},{"start":{"line":61,"column":13},"end":{"line":63,"column":7}}],"line":58},"6":{"loc":{"start":{"line":58,"column":10},"end":{"line":58,"column":77}},"type":"binary-expr","locations":[{"start":{"line":58,"column":10},"end":{"line":58,"column":36}},{"start":{"line":58,"column":40},"end":{"line":58,"column":77}}],"line":58},"7":{"loc":{"start":{"line":80,"column":6},"end":{"line":80,"column":49}},"type":"if","locations":[{"start":{"line":80,"column":6},"end":{"line":80,"column":49}},{"start":{},"end":{}}],"line":80}},"s":{"0":1,"1":1,"2":1,"3":0,"4":0,"5":0,"6":0,"7":0,"8":0,"9":0,"10":1,"11":1,"12":1,"13":1,"14":1,"15":0,"16":0,"17":0,"18":0,"19":0,"20":0,"21":0,"22":0,"23":0,"24":0,"25":0,"26":0,"27":0,"28":0,"29":0,"30":0,"31":0,"32":0,"33":0,"34":0,"35":0,"36":1,"37":1,"38":1,"39":0,"40":0,"41":0,"42":0,"43":0,"44":0,"45":0,"46":0,"47":1,"48":0,"49":0,"50":0,"51":0,"52":0,"53":1,"54":1,"55":1,"56":1,"57":1,"58":0,"59":1,"60":1,"61":1,"62":1,"63":0},"f":{"0":0,"1":1,"2":0,"3":1,"4":0,"5":0,"6":1,"7":1},"b":{"0":[0,0],"1":[0,0],"2":[0,0],"3":[0,0],"4":[0,0],"5":[0,0],"6":[0,0],"7":[0,0]},"_coverageSchema":"1a1c01bbd47fc00a2c39e90264f33305004495a9","hash":"039e8a8518bf9038bff1c2daf01ebaa67ac364f5"}
,"D:\\Hacktiv8\\p2\\ip\\yomi\\server\\controllers\\payment.js": {"path":"D:\\Hacktiv8\\p2\\ip\\yomi\\server\\controllers\\payment.js","statementMap":{"0":{"start":{"line":1,"column":17},"end":{"line":1,"column":34}},"1":{"start":{"line":2,"column":23},"end":{"line":2,"column":49}},"2":{"start":{"line":3,"column":33},"end":{"line":3,"column":59}},"3":{"start":{"line":5,"column":0},"end":{"line":44,"column":2}},"4":{"start":{"line":7,"column":4},"end":{"line":42,"column":5}},"5":{"start":{"line":8,"column":23},"end":{"line":8,"column":29}},"6":{"start":{"line":9,"column":21},"end":{"line":9,"column":26}},"7":{"start":{"line":11,"column":17},"end":{"line":14,"column":8}},"8":{"start":{"line":16,"column":22},"end":{"line":27,"column":7}},"9":{"start":{"line":29,"column":26},"end":{"line":29,"column":65}},"10":{"start":{"line":30,"column":31},"end":{"line":30,"column":48}},"11":{"start":{"line":32,"column":6},"end":{"line":37,"column":9}},"12":{"start":{"line":39,"column":6},"end":{"line":39,"column":82}},"13":{"start":{"line":41,"column":6},"end":{"line":41,"column":18}}},"fnMap":{"0":{"name":"(anonymous_0)","decl":{"start":{"line":6,"column":2},"end":{"line":6,"column":3}},"loc":{"start":{"line":6,"column":40},"end":{"line":43,"column":3}},"line":6}},"branchMap":{},"s":{"0":1,"1":1,"2":1,"3":1,"4":0,"5":0,"6":0,"7":0,"8":0,"9":0,"10":0,"11":0,"12":0,"13":0},"f":{"0":0},"b":{},"_coverageSchema":"1a1c01bbd47fc00a2c39e90264f33305004495a9","hash":"0390e2dc7f3e7ed93f9ef41b9035bfcebf2891e0"}
,"D:\\Hacktiv8\\p2\\ip\\yomi\\server\\controllers\\user.js": {"path":"D:\\Hacktiv8\\p2\\ip\\yomi\\server\\controllers\\user.js","statementMap":{"0":{"start":{"line":1,"column":28},"end":{"line":1,"column":56}},"1":{"start":{"line":2,"column":35},"end":{"line":2,"column":60}},"2":{"start":{"line":3,"column":26},"end":{"line":3,"column":52}},"3":{"start":{"line":4,"column":25},"end":{"line":4,"column":55}},"4":{"start":{"line":5,"column":15},"end":{"line":5,"column":33}},"5":{"start":{"line":7,"column":0},"end":{"line":78,"column":2}},"6":{"start":{"line":9,"column":4},"end":{"line":15,"column":5}},"7":{"start":{"line":10,"column":34},"end":{"line":10,"column":42}},"8":{"start":{"line":11,"column":21},"end":{"line":11,"column":59}},"9":{"start":{"line":12,"column":6},"end":{"line":12,"column":35}},"10":{"start":{"line":14,"column":6},"end":{"line":14,"column":18}},"11":{"start":{"line":19,"column":4},"end":{"line":38,"column":5}},"12":{"start":{"line":20,"column":34},"end":{"line":20,"column":42}},"13":{"start":{"line":21,"column":6},"end":{"line":21,"column":50}},"14":{"start":{"line":21,"column":18},"end":{"line":21,"column":50}},"15":{"start":{"line":22,"column":6},"end":{"line":22,"column":56}},"16":{"start":{"line":22,"column":21},"end":{"line":22,"column":56}},"17":{"start":{"line":24,"column":19},"end":{"line":24,"column":59}},"18":{"start":{"line":25,"column":6},"end":{"line":25,"column":47}},"19":{"start":{"line":25,"column":17},"end":{"line":25,"column":47}},"20":{"start":{"line":27,"column":26},"end":{"line":27,"column":66}},"21":{"start":{"line":28,"column":6},"end":{"line":28,"column":54}},"22":{"start":{"line":28,"column":24},"end":{"line":28,"column":54}},"23":{"start":{"line":31,"column":22},"end":{"line":31,"column":75}},"24":{"start":{"line":32,"column":6},"end":{"line":32,"column":62}},"25":{"start":{"line":32,"column":20},"end":{"line":32,"column":62}},"26":{"start":{"line":34,"column":27},"end":{"line":34,"column":53}},"27":{"start":{"line":35,"column":6},"end":{"line":35,"column":45}},"28":{"start":{"line":37,"column":6},"end":{"line":37,"column":18}},"29":{"start":{"line":42,"column":4},"end":{"line":65,"column":5}},"30":{"start":{"line":43,"column":21},"end":{"line":46,"column":8}},"31":{"start":{"line":47,"column":22},"end":{"line":47,"column":41}},"32":{"start":{"line":49,"column":17},"end":{"line":49,"column":72}},"33":{"start":{"line":51,"column":6},"end":{"line":56,"column":7}},"34":{"start":{"line":52,"column":8},"end":{"line":55,"column":11}},"35":{"start":{"line":58,"column":22},"end":{"line":58,"column":75}},"36":{"start":{"line":59,"column":6},"end":{"line":59,"column":62}},"37":{"start":{"line":59,"column":20},"end":{"line":59,"column":62}},"38":{"start":{"line":61,"column":27},"end":{"line":61,"column":53}},"39":{"start":{"line":62,"column":6},"end":{"line":62,"column":45}},"40":{"start":{"line":64,"column":6},"end":{"line":64,"column":18}},"41":{"start":{"line":69,"column":4},"end":{"line":76,"column":5}},"42":{"start":{"line":70,"column":22},"end":{"line":70,"column":33}},"43":{"start":{"line":71,"column":19},"end":{"line":71,"column":37}},"44":{"start":{"line":72,"column":6},"end":{"line":72,"column":54}},"45":{"start":{"line":72,"column":29},"end":{"line":72,"column":54}},"46":{"start":{"line":73,"column":6},"end":{"line":73,"column":79}},"47":{"start":{"line":75,"column":6},"end":{"line":75,"column":17}}},"fnMap":{"0":{"name":"(anonymous_0)","decl":{"start":{"line":8,"column":2},"end":{"line":8,"column":3}},"loc":{"start":{"line":8,"column":40},"end":{"line":16,"column":3}},"line":8},"1":{"name":"(anonymous_1)","decl":{"start":{"line":18,"column":2},"end":{"line":18,"column":3}},"loc":{"start":{"line":18,"column":37},"end":{"line":39,"column":3}},"line":18},"2":{"name":"(anonymous_2)","decl":{"start":{"line":41,"column":2},"end":{"line":41,"column":3}},"loc":{"start":{"line":41,"column":43},"end":{"line":66,"column":3}},"line":41},"3":{"name":"(anonymous_3)","decl":{"start":{"line":68,"column":2},"end":{"line":68,"column":3}},"loc":{"start":{"line":68,"column":37},"end":{"line":77,"column":3}},"line":68}},"branchMap":{"0":{"loc":{"start":{"line":21,"column":6},"end":{"line":21,"column":50}},"type":"if","locations":[{"start":{"line":21,"column":6},"end":{"line":21,"column":50}},{"start":{},"end":{}}],"line":21},"1":{"loc":{"start":{"line":22,"column":6},"end":{"line":22,"column":56}},"type":"if","locations":[{"start":{"line":22,"column":6},"end":{"line":22,"column":56}},{"start":{},"end":{}}],"line":22},"2":{"loc":{"start":{"line":25,"column":6},"end":{"line":25,"column":47}},"type":"if","locations":[{"start":{"line":25,"column":6},"end":{"line":25,"column":47}},{"start":{},"end":{}}],"line":25},"3":{"loc":{"start":{"line":28,"column":6},"end":{"line":28,"column":54}},"type":"if","locations":[{"start":{"line":28,"column":6},"end":{"line":28,"column":54}},{"start":{},"end":{}}],"line":28},"4":{"loc":{"start":{"line":32,"column":6},"end":{"line":32,"column":62}},"type":"if","locations":[{"start":{"line":32,"column":6},"end":{"line":32,"column":62}},{"start":{},"end":{}}],"line":32},"5":{"loc":{"start":{"line":51,"column":6},"end":{"line":56,"column":7}},"type":"if","locations":[{"start":{"line":51,"column":6},"end":{"line":56,"column":7}},{"start":{},"end":{}}],"line":51},"6":{"loc":{"start":{"line":59,"column":6},"end":{"line":59,"column":62}},"type":"if","locations":[{"start":{"line":59,"column":6},"end":{"line":59,"column":62}},{"start":{},"end":{}}],"line":59},"7":{"loc":{"start":{"line":72,"column":6},"end":{"line":72,"column":54}},"type":"if","locations":[{"start":{"line":72,"column":6},"end":{"line":72,"column":54}},{"start":{},"end":{}}],"line":72}},"s":{"0":1,"1":1,"2":1,"3":1,"4":1,"5":1,"6":7,"7":7,"8":7,"9":1,"10":6,"11":5,"12":5,"13":5,"14":1,"15":4,"16":1,"17":3,"18":3,"19":1,"20":2,"21":2,"22":1,"23":1,"24":1,"25":0,"26":1,"27":1,"28":4,"29":0,"30":0,"31":0,"32":0,"33":0,"34":0,"35":0,"36":0,"37":0,"38":0,"39":0,"40":0,"41":0,"42":0,"43":0,"44":0,"45":0,"46":0,"47":0},"f":{"0":7,"1":5,"2":0,"3":0},"b":{"0":[1,4],"1":[1,3],"2":[1,2],"3":[1,1],"4":[0,1],"5":[0,0],"6":[0,0],"7":[0,0]},"_coverageSchema":"1a1c01bbd47fc00a2c39e90264f33305004495a9","hash":"bf06b7484058d5fd403d924ebd07dd125312d845"}
,"D:\\Hacktiv8\\p2\\ip\\yomi\\server\\helpers\\bcrypt.js": {"path":"D:\\Hacktiv8\\p2\\ip\\yomi\\server\\helpers\\bcrypt.js","statementMap":{"0":{"start":{"line":1,"column":15},"end":{"line":1,"column":34}},"1":{"start":{"line":3,"column":21},"end":{"line":5,"column":1}},"2":{"start":{"line":4,"column":2},"end":{"line":4,"column":59}},"3":{"start":{"line":7,"column":24},"end":{"line":9,"column":1}},"4":{"start":{"line":8,"column":2},"end":{"line":8,"column":50}},"5":{"start":{"line":11,"column":0},"end":{"line":11,"column":51}}},"fnMap":{"0":{"name":"(anonymous_0)","decl":{"start":{"line":3,"column":21},"end":{"line":3,"column":22}},"loc":{"start":{"line":3,"column":35},"end":{"line":5,"column":1}},"line":3},"1":{"name":"(anonymous_1)","decl":{"start":{"line":7,"column":24},"end":{"line":7,"column":25}},"loc":{"start":{"line":7,"column":50},"end":{"line":9,"column":1}},"line":7}},"branchMap":{},"s":{"0":1,"1":1,"2":4,"3":1,"4":2,"5":1},"f":{"0":4,"1":2},"b":{},"_coverageSchema":"1a1c01bbd47fc00a2c39e90264f33305004495a9","hash":"7206f285932efdf80ba8034da6c1508d77a8bc52"}
,"D:\\Hacktiv8\\p2\\ip\\yomi\\server\\helpers\\jwt.js": {"path":"D:\\Hacktiv8\\p2\\ip\\yomi\\server\\helpers\\jwt.js","statementMap":{"0":{"start":{"line":1,"column":12},"end":{"line":1,"column":35}},"1":{"start":{"line":2,"column":15},"end":{"line":2,"column":34}},"2":{"start":{"line":4,"column":18},"end":{"line":6,"column":1}},"3":{"start":{"line":5,"column":2},"end":{"line":5,"column":35}},"4":{"start":{"line":8,"column":20},"end":{"line":10,"column":1}},"5":{"start":{"line":9,"column":2},"end":{"line":9,"column":35}},"6":{"start":{"line":12,"column":0},"end":{"line":12,"column":44}}},"fnMap":{"0":{"name":"(anonymous_0)","decl":{"start":{"line":4,"column":18},"end":{"line":4,"column":19}},"loc":{"start":{"line":4,"column":31},"end":{"line":6,"column":1}},"line":4},"1":{"name":"(anonymous_1)","decl":{"start":{"line":8,"column":20},"end":{"line":8,"column":21}},"loc":{"start":{"line":8,"column":31},"end":{"line":10,"column":1}},"line":8}},"branchMap":{},"s":{"0":1,"1":1,"2":1,"3":2,"4":1,"5":13,"6":1},"f":{"0":2,"1":13},"b":{},"_coverageSchema":"1a1c01bbd47fc00a2c39e90264f33305004495a9","hash":"0ac275547137c068ea815cdb2c4eb72cb3798ecf"}
,"D:\\Hacktiv8\\p2\\ip\\yomi\\server\\middlewares\\authentication.js": {"path":"D:\\Hacktiv8\\p2\\ip\\yomi\\server\\middlewares\\authentication.js","statementMap":{"0":{"start":{"line":1,"column":24},"end":{"line":1,"column":49}},"1":{"start":{"line":2,"column":32},"end":{"line":2,"column":58}},"2":{"start":{"line":4,"column":23},"end":{"line":22,"column":1}},"3":{"start":{"line":5,"column":2},"end":{"line":21,"column":3}},"4":{"start":{"line":6,"column":30},"end":{"line":6,"column":41}},"5":{"start":{"line":7,"column":4},"end":{"line":7,"column":55}},"6":{"start":{"line":7,"column":24},"end":{"line":7,"column":55}},"7":{"start":{"line":9,"column":26},"end":{"line":9,"column":50}},"8":{"start":{"line":10,"column":4},"end":{"line":10,"column":58}},"9":{"start":{"line":10,"column":27},"end":{"line":10,"column":58}},"10":{"start":{"line":12,"column":21},"end":{"line":12,"column":39}},"11":{"start":{"line":13,"column":17},"end":{"line":13,"column":49}},"12":{"start":{"line":14,"column":20},"end":{"line":14,"column":69}},"13":{"start":{"line":16,"column":4},"end":{"line":16,"column":20}},"14":{"start":{"line":17,"column":4},"end":{"line":17,"column":26}},"15":{"start":{"line":18,"column":4},"end":{"line":18,"column":11}},"16":{"start":{"line":20,"column":4},"end":{"line":20,"column":16}},"17":{"start":{"line":24,"column":0},"end":{"line":24,"column":36}}},"fnMap":{"0":{"name":"(anonymous_0)","decl":{"start":{"line":4,"column":23},"end":{"line":4,"column":24}},"loc":{"start":{"line":4,"column":49},"end":{"line":22,"column":1}},"line":4}},"branchMap":{"0":{"loc":{"start":{"line":7,"column":4},"end":{"line":7,"column":55}},"type":"if","locations":[{"start":{"line":7,"column":4},"end":{"line":7,"column":55}},{"start":{},"end":{}}],"line":7},"1":{"loc":{"start":{"line":10,"column":4},"end":{"line":10,"column":58}},"type":"if","locations":[{"start":{"line":10,"column":4},"end":{"line":10,"column":58}},{"start":{},"end":{}}],"line":10}},"s":{"0":1,"1":1,"2":1,"3":17,"4":17,"5":17,"6":4,"7":13,"8":13,"9":0,"10":13,"11":9,"12":9,"13":9,"14":9,"15":9,"16":8,"17":1},"f":{"0":17},"b":{"0":[4,13],"1":[0,13]},"_coverageSchema":"1a1c01bbd47fc00a2c39e90264f33305004495a9","hash":"7a27784de006e4a86bdbafac1087d223b54b37ed"}
,"D:\\Hacktiv8\\p2\\ip\\yomi\\server\\middlewares\\authorization.js": {"path":"D:\\Hacktiv8\\p2\\ip\\yomi\\server\\middlewares\\authorization.js","statementMap":{"0":{"start":{"line":1,"column":32},"end":{"line":1,"column":58}},"1":{"start":{"line":3,"column":20},"end":{"line":17,"column":1}},"2":{"start":{"line":4,"column":17},"end":{"line":4,"column":27}},"3":{"start":{"line":5,"column":2},"end":{"line":16,"column":3}},"4":{"start":{"line":6,"column":20},"end":{"line":6,"column":46}},"5":{"start":{"line":7,"column":4},"end":{"line":7,"column":52}},"6":{"start":{"line":7,"column":18},"end":{"line":7,"column":52}},"7":{"start":{"line":9,"column":4},"end":{"line":13,"column":5}},"8":{"start":{"line":10,"column":6},"end":{"line":10,"column":13}},"9":{"start":{"line":12,"column":6},"end":{"line":12,"column":34}},"10":{"start":{"line":15,"column":4},"end":{"line":15,"column":16}},"11":{"start":{"line":19,"column":18},"end":{"line":33,"column":1}},"12":{"start":{"line":20,"column":21},"end":{"line":20,"column":31}},"13":{"start":{"line":21,"column":2},"end":{"line":32,"column":3}},"14":{"start":{"line":22,"column":17},"end":{"line":22,"column":44}},"15":{"start":{"line":23,"column":4},"end":{"line":23,"column":46}},"16":{"start":{"line":23,"column":15},"end":{"line":23,"column":46}},"17":{"start":{"line":25,"column":4},"end":{"line":29,"column":5}},"18":{"start":{"line":26,"column":6},"end":{"line":26,"column":13}},"19":{"start":{"line":28,"column":6},"end":{"line":28,"column":34}},"20":{"start":{"line":31,"column":4},"end":{"line":31,"column":16}},"21":{"start":{"line":35,"column":32},"end":{"line":61,"column":1}},"22":{"start":{"line":36,"column":22},"end":{"line":36,"column":32}},"23":{"start":{"line":38,"column":2},"end":{"line":60,"column":3}},"24":{"start":{"line":39,"column":27},"end":{"line":41,"column":6}},"25":{"start":{"line":42,"column":4},"end":{"line":42,"column":70}},"26":{"start":{"line":42,"column":37},"end":{"line":42,"column":70}},"27":{"start":{"line":44,"column":24},"end":{"line":46,"column":6}},"28":{"start":{"line":47,"column":4},"end":{"line":47,"column":29}},"29":{"start":{"line":48,"column":4},"end":{"line":55,"column":5}},"30":{"start":{"line":50,"column":8},"end":{"line":50,"column":64}},"31":{"start":{"line":50,"column":30},"end":{"line":50,"column":64}},"32":{"start":{"line":51,"column":8},"end":{"line":51,"column":14}},"33":{"start":{"line":53,"column":8},"end":{"line":53,"column":64}},"34":{"start":{"line":53,"column":31},"end":{"line":53,"column":64}},"35":{"start":{"line":54,"column":8},"end":{"line":54,"column":14}},"36":{"start":{"line":57,"column":4},"end":{"line":57,"column":11}},"37":{"start":{"line":59,"column":4},"end":{"line":59,"column":16}},"38":{"start":{"line":63,"column":0},"end":{"line":67,"column":2}}},"fnMap":{"0":{"name":"(anonymous_0)","decl":{"start":{"line":3,"column":20},"end":{"line":3,"column":21}},"loc":{"start":{"line":3,"column":46},"end":{"line":17,"column":1}},"line":3},"1":{"name":"(anonymous_1)","decl":{"start":{"line":19,"column":18},"end":{"line":19,"column":19}},"loc":{"start":{"line":19,"column":44},"end":{"line":33,"column":1}},"line":19},"2":{"name":"(anonymous_2)","decl":{"start":{"line":35,"column":32},"end":{"line":35,"column":33}},"loc":{"start":{"line":35,"column":58},"end":{"line":61,"column":1}},"line":35}},"branchMap":{"0":{"loc":{"start":{"line":7,"column":4},"end":{"line":7,"column":52}},"type":"if","locations":[{"start":{"line":7,"column":4},"end":{"line":7,"column":52}},{"start":{},"end":{}}],"line":7},"1":{"loc":{"start":{"line":9,"column":4},"end":{"line":13,"column":5}},"type":"if","locations":[{"start":{"line":9,"column":4},"end":{"line":13,"column":5}},{"start":{"line":11,"column":11},"end":{"line":13,"column":5}}],"line":9},"2":{"loc":{"start":{"line":23,"column":4},"end":{"line":23,"column":46}},"type":"if","locations":[{"start":{"line":23,"column":4},"end":{"line":23,"column":46}},{"start":{},"end":{}}],"line":23},"3":{"loc":{"start":{"line":25,"column":4},"end":{"line":29,"column":5}},"type":"if","locations":[{"start":{"line":25,"column":4},"end":{"line":29,"column":5}},{"start":{"line":27,"column":11},"end":{"line":29,"column":5}}],"line":25},"4":{"loc":{"start":{"line":42,"column":4},"end":{"line":42,"column":70}},"type":"if","locations":[{"start":{"line":42,"column":4},"end":{"line":42,"column":70}},{"start":{},"end":{}}],"line":42},"5":{"loc":{"start":{"line":48,"column":4},"end":{"line":55,"column":5}},"type":"switch","locations":[{"start":{"line":49,"column":6},"end":{"line":51,"column":14}},{"start":{"line":52,"column":6},"end":{"line":54,"column":14}}],"line":48},"6":{"loc":{"start":{"line":50,"column":8},"end":{"line":50,"column":64}},"type":"if","locations":[{"start":{"line":50,"column":8},"end":{"line":50,"column":64}},{"start":{},"end":{}}],"line":50},"7":{"loc":{"start":{"line":53,"column":8},"end":{"line":53,"column":64}},"type":"if","locations":[{"start":{"line":53,"column":8},"end":{"line":53,"column":64}},{"start":{},"end":{}}],"line":53}},"s":{"0":1,"1":1,"2":3,"3":3,"4":3,"5":3,"6":1,"7":2,"8":1,"9":1,"10":2,"11":1,"12":4,"13":4,"14":4,"15":4,"16":2,"17":2,"18":2,"19":0,"20":2,"21":1,"22":2,"23":2,"24":2,"25":2,"26":1,"27":1,"28":1,"29":1,"30":1,"31":0,"32":1,"33":0,"34":0,"35":0,"36":1,"37":1,"38":1},"f":{"0":3,"1":4,"2":2},"b":{"0":[1,2],"1":[1,1],"2":[2,2],"3":[2,0],"4":[1,1],"5":[1,0],"6":[0,1],"7":[0,0]},"_coverageSchema":"1a1c01bbd47fc00a2c39e90264f33305004495a9","hash":"40a1fb66cf8eff131c78f9acf2a4021f4d9a74fb"}
,"D:\\Hacktiv8\\p2\\ip\\yomi\\server\\middlewares\\errorhandler.js": {"path":"D:\\Hacktiv8\\p2\\ip\\yomi\\server\\middlewares\\errorhandler.js","statementMap":{"0":{"start":{"line":1,"column":21},"end":{"line":60,"column":1}},"1":{"start":{"line":2,"column":2},"end":{"line":2,"column":40}},"2":{"start":{"line":4,"column":2},"end":{"line":59,"column":3}},"3":{"start":{"line":7,"column":6},"end":{"line":7,"column":63}},"4":{"start":{"line":8,"column":6},"end":{"line":8,"column":12}},"5":{"start":{"line":10,"column":6},"end":{"line":10,"column":67}},"6":{"start":{"line":12,"column":6},"end":{"line":12,"column":70}},"7":{"start":{"line":13,"column":6},"end":{"line":13,"column":12}},"8":{"start":{"line":15,"column":6},"end":{"line":15,"column":70}},"9":{"start":{"line":16,"column":6},"end":{"line":16,"column":12}},"10":{"start":{"line":18,"column":6},"end":{"line":18,"column":64}},"11":{"start":{"line":19,"column":6},"end":{"line":19,"column":12}},"12":{"start":{"line":21,"column":6},"end":{"line":21,"column":61}},"13":{"start":{"line":22,"column":6},"end":{"line":22,"column":12}},"14":{"start":{"line":24,"column":6},"end":{"line":24,"column":59}},"15":{"start":{"line":25,"column":6},"end":{"line":25,"column":12}},"16":{"start":{"line":27,"column":6},"end":{"line":27,"column":59}},"17":{"start":{"line":28,"column":6},"end":{"line":28,"column":12}},"18":{"start":{"line":30,"column":6},"end":{"line":30,"column":69}},"19":{"start":{"line":31,"column":6},"end":{"line":31,"column":12}},"20":{"start":{"line":33,"column":6},"end":{"line":33,"column":62}},"21":{"start":{"line":34,"column":6},"end":{"line":34,"column":12}},"22":{"start":{"line":36,"column":6},"end":{"line":36,"column":91}},"23":{"start":{"line":37,"column":6},"end":{"line":37,"column":12}},"24":{"start":{"line":40,"column":6},"end":{"line":40,"column":78}},"25":{"start":{"line":41,"column":6},"end":{"line":41,"column":12}},"26":{"start":{"line":43,"column":6},"end":{"line":43,"column":60}},"27":{"start":{"line":44,"column":6},"end":{"line":44,"column":12}},"28":{"start":{"line":47,"column":6},"end":{"line":47,"column":68}},"29":{"start":{"line":48,"column":6},"end":{"line":48,"column":12}},"30":{"start":{"line":50,"column":6},"end":{"line":50,"column":102}},"31":{"start":{"line":51,"column":6},"end":{"line":51,"column":12}},"32":{"start":{"line":53,"column":6},"end":{"line":53,"column":110}},"33":{"start":{"line":54,"column":6},"end":{"line":54,"column":12}},"34":{"start":{"line":57,"column":6},"end":{"line":57,"column":65}},"35":{"start":{"line":58,"column":6},"end":{"line":58,"column":12}},"36":{"start":{"line":62,"column":0},"end":{"line":62,"column":34}}},"fnMap":{"0":{"name":"(anonymous_0)","decl":{"start":{"line":1,"column":21},"end":{"line":1,"column":22}},"loc":{"start":{"line":1,"column":46},"end":{"line":60,"column":1}},"line":1}},"branchMap":{"0":{"loc":{"start":{"line":4,"column":2},"end":{"line":59,"column":3}},"type":"switch","locations":[{"start":{"line":5,"column":4},"end":{"line":5,"column":36}},{"start":{"line":6,"column":4},"end":{"line":8,"column":12}},{"start":{"line":9,"column":4},"end":{"line":10,"column":67}},{"start":{"line":11,"column":4},"end":{"line":13,"column":12}},{"start":{"line":14,"column":4},"end":{"line":16,"column":12}},{"start":{"line":17,"column":4},"end":{"line":19,"column":12}},{"start":{"line":20,"column":4},"end":{"line":22,"column":12}},{"start":{"line":23,"column":4},"end":{"line":25,"column":12}},{"start":{"line":26,"column":4},"end":{"line":28,"column":12}},{"start":{"line":29,"column":4},"end":{"line":31,"column":12}},{"start":{"line":32,"column":4},"end":{"line":34,"column":12}},{"start":{"line":35,"column":4},"end":{"line":37,"column":12}},{"start":{"line":38,"column":4},"end":{"line":38,"column":24}},{"start":{"line":39,"column":4},"end":{"line":41,"column":12}},{"start":{"line":42,"column":4},"end":{"line":44,"column":12}},{"start":{"line":45,"column":4},"end":{"line":45,"column":22}},{"start":{"line":46,"column":4},"end":{"line":48,"column":12}},{"start":{"line":49,"column":4},"end":{"line":51,"column":12}},{"start":{"line":52,"column":4},"end":{"line":54,"column":12}},{"start":{"line":56,"column":4},"end":{"line":58,"column":12}}],"line":4}},"s":{"0":1,"1":24,"2":24,"3":6,"4":6,"5":1,"6":2,"7":1,"8":1,"9":1,"10":2,"11":2,"12":1,"13":1,"14":2,"15":2,"16":0,"17":0,"18":0,"19":0,"20":0,"21":0,"22":0,"23":0,"24":8,"25":8,"26":1,"27":1,"28":1,"29":1,"30":0,"31":0,"32":0,"33":0,"34":0,"35":0,"36":1},"f":{"0":24},"b":{"0":[5,6,1,2,1,2,1,2,0,0,0,0,4,8,1,1,1,0,0,0]},"_coverageSchema":"1a1c01bbd47fc00a2c39e90264f33305004495a9","hash":"e264ad87f4e5f107a2263a1add23dad4f2d5ed05"}
,"D:\\Hacktiv8\\p2\\ip\\yomi\\server\\models\\index.js": {"path":"D:\\Hacktiv8\\p2\\ip\\yomi\\server\\models\\index.js","statementMap":{"0":{"start":{"line":3,"column":11},"end":{"line":3,"column":24}},"1":{"start":{"line":4,"column":13},"end":{"line":4,"column":28}},"2":{"start":{"line":5,"column":18},"end":{"line":5,"column":38}},"3":{"start":{"line":6,"column":16},"end":{"line":6,"column":34}},"4":{"start":{"line":7,"column":17},"end":{"line":7,"column":42}},"5":{"start":{"line":8,"column":12},"end":{"line":8,"column":49}},"6":{"start":{"line":9,"column":15},"end":{"line":9,"column":65}},"7":{"start":{"line":10,"column":11},"end":{"line":10,"column":13}},"8":{"start":{"line":13,"column":0},"end":{"line":17,"column":1}},"9":{"start":{"line":14,"column":2},"end":{"line":14,"column":74}},"10":{"start":{"line":16,"column":2},"end":{"line":16,"column":87}},"11":{"start":{"line":19,"column":0},"end":{"line":32,"column":5}},"12":{"start":{"line":22,"column":4},"end":{"line":27,"column":6}},"13":{"start":{"line":30,"column":18},"end":{"line":30,"column":85}},"14":{"start":{"line":31,"column":4},"end":{"line":31,"column":27}},"15":{"start":{"line":34,"column":0},"end":{"line":38,"column":3}},"16":{"start":{"line":35,"column":2},"end":{"line":37,"column":3}},"17":{"start":{"line":36,"column":4},"end":{"line":36,"column":32}},"18":{"start":{"line":40,"column":0},"end":{"line":40,"column":25}},"19":{"start":{"line":41,"column":0},"end":{"line":41,"column":25}},"20":{"start":{"line":43,"column":0},"end":{"line":43,"column":20}}},"fnMap":{"0":{"name":"(anonymous_0)","decl":{"start":{"line":21,"column":10},"end":{"line":21,"column":11}},"loc":{"start":{"line":21,"column":18},"end":{"line":28,"column":3}},"line":21},"1":{"name":"(anonymous_1)","decl":{"start":{"line":29,"column":11},"end":{"line":29,"column":12}},"loc":{"start":{"line":29,"column":19},"end":{"line":32,"column":3}},"line":29},"2":{"name":"(anonymous_2)","decl":{"start":{"line":34,"column":24},"end":{"line":34,"column":25}},"loc":{"start":{"line":34,"column":37},"end":{"line":38,"column":1}},"line":34}},"branchMap":{"0":{"loc":{"start":{"line":8,"column":12},"end":{"line":8,"column":49}},"type":"binary-expr","locations":[{"start":{"line":8,"column":12},"end":{"line":8,"column":32}},{"start":{"line":8,"column":36},"end":{"line":8,"column":49}}],"line":8},"1":{"loc":{"start":{"line":13,"column":0},"end":{"line":17,"column":1}},"type":"if","locations":[{"start":{"line":13,"column":0},"end":{"line":17,"column":1}},{"start":{"line":15,"column":7},"end":{"line":17,"column":1}}],"line":13},"2":{"loc":{"start":{"line":23,"column":6},"end":{"line":26,"column":37}},"type":"binary-expr","locations":[{"start":{"line":23,"column":6},"end":{"line":23,"column":29}},{"start":{"line":24,"column":6},"end":{"line":24,"column":23}},{"start":{"line":25,"column":6},"end":{"line":25,"column":30}},{"start":{"line":26,"column":6},"end":{"line":26,"column":37}}],"line":23},"3":{"loc":{"start":{"line":35,"column":2},"end":{"line":37,"column":3}},"type":"if","locations":[{"start":{"line":35,"column":2},"end":{"line":37,"column":3}},{"start":{},"end":{}}],"line":35}},"s":{"0":1,"1":1,"2":1,"3":1,"4":1,"5":1,"6":1,"7":1,"8":1,"9":0,"10":1,"11":1,"12":5,"13":4,"14":4,"15":1,"16":4,"17":4,"18":1,"19":1,"20":1},"f":{"0":5,"1":4,"2":4},"b":{"0":[1,0],"1":[0,1],"2":[5,5,4,4],"3":[4,0]},"_coverageSchema":"1a1c01bbd47fc00a2c39e90264f33305004495a9","hash":"b1087931297fcd4a89102331a2d18f324e509a43"}
,"D:\\Hacktiv8\\p2\\ip\\yomi\\server\\models\\list.js": {"path":"D:\\Hacktiv8\\p2\\ip\\yomi\\server\\models\\list.js","statementMap":{"0":{"start":{"line":4,"column":4},"end":{"line":4,"column":24}},"1":{"start":{"line":5,"column":0},"end":{"line":37,"column":2}},"2":{"start":{"line":14,"column":6},"end":{"line":14,"column":63}},"3":{"start":{"line":17,"column":2},"end":{"line":35,"column":5}},"4":{"start":{"line":36,"column":2},"end":{"line":36,"column":14}}},"fnMap":{"0":{"name":"(anonymous_0)","decl":{"start":{"line":5,"column":17},"end":{"line":5,"column":18}},"loc":{"start":{"line":5,"column":43},"end":{"line":37,"column":1}},"line":5},"1":{"name":"(anonymous_1)","decl":{"start":{"line":12,"column":4},"end":{"line":12,"column":5}},"loc":{"start":{"line":12,"column":29},"end":{"line":15,"column":5}},"line":12}},"branchMap":{},"s":{"0":1,"1":1,"2":1,"3":1,"4":1},"f":{"0":1,"1":1},"b":{},"_coverageSchema":"1a1c01bbd47fc00a2c39e90264f33305004495a9","hash":"4acb7f9b07743d67e1e3a709d5fe531b43fb96a7"}
,"D:\\Hacktiv8\\p2\\ip\\yomi\\server\\models\\order.js": {"path":"D:\\Hacktiv8\\p2\\ip\\yomi\\server\\models\\order.js","statementMap":{"0":{"start":{"line":4,"column":4},"end":{"line":4,"column":24}},"1":{"start":{"line":5,"column":0},"end":{"line":40,"column":2}},"2":{"start":{"line":14,"column":6},"end":{"line":14,"column":58}},"3":{"start":{"line":17,"column":2},"end":{"line":38,"column":5}},"4":{"start":{"line":39,"column":2},"end":{"line":39,"column":15}}},"fnMap":{"0":{"name":"(anonymous_0)","decl":{"start":{"line":5,"column":17},"end":{"line":5,"column":18}},"loc":{"start":{"line":5,"column":43},"end":{"line":40,"column":1}},"line":5},"1":{"name":"(anonymous_1)","decl":{"start":{"line":12,"column":4},"end":{"line":12,"column":5}},"loc":{"start":{"line":12,"column":29},"end":{"line":15,"column":5}},"line":12}},"branchMap":{},"s":{"0":1,"1":1,"2":1,"3":1,"4":1},"f":{"0":1,"1":1},"b":{},"_coverageSchema":"1a1c01bbd47fc00a2c39e90264f33305004495a9","hash":"d93cd528551f1c101843268d0a2d4477f5c41a39"}
,"D:\\Hacktiv8\\p2\\ip\\yomi\\server\\models\\profile.js": {"path":"D:\\Hacktiv8\\p2\\ip\\yomi\\server\\models\\profile.js","statementMap":{"0":{"start":{"line":4,"column":4},"end":{"line":4,"column":24}},"1":{"start":{"line":5,"column":0},"end":{"line":48,"column":2}},"2":{"start":{"line":14,"column":6},"end":{"line":14,"column":60}},"3":{"start":{"line":15,"column":6},"end":{"line":15,"column":61}},"4":{"start":{"line":18,"column":2},"end":{"line":46,"column":5}},"5":{"start":{"line":47,"column":2},"end":{"line":47,"column":17}}},"fnMap":{"0":{"name":"(anonymous_0)","decl":{"start":{"line":5,"column":17},"end":{"line":5,"column":18}},"loc":{"start":{"line":5,"column":43},"end":{"line":48,"column":1}},"line":5},"1":{"name":"(anonymous_1)","decl":{"start":{"line":12,"column":4},"end":{"line":12,"column":5}},"loc":{"start":{"line":12,"column":29},"end":{"line":16,"column":5}},"line":12}},"branchMap":{},"s":{"0":1,"1":1,"2":1,"3":1,"4":1,"5":1},"f":{"0":1,"1":1},"b":{},"_coverageSchema":"1a1c01bbd47fc00a2c39e90264f33305004495a9","hash":"cbc52f425e329e559b7ddd38bb345a64caa49cc5"}
,"D:\\Hacktiv8\\p2\\ip\\yomi\\server\\models\\user.js": {"path":"D:\\Hacktiv8\\p2\\ip\\yomi\\server\\models\\user.js","statementMap":{"0":{"start":{"line":2,"column":18},"end":{"line":2,"column":38}},"1":{"start":{"line":3,"column":25},"end":{"line":3,"column":53}},"2":{"start":{"line":4,"column":0},"end":{"line":61,"column":2}},"3":{"start":{"line":13,"column":6},"end":{"line":13,"column":60}},"4":{"start":{"line":14,"column":6},"end":{"line":14,"column":59}},"5":{"start":{"line":17,"column":2},"end":{"line":54,"column":4}},"6":{"start":{"line":56,"column":2},"end":{"line":58,"column":4}},"7":{"start":{"line":57,"column":4},"end":{"line":57,"column":41}},"8":{"start":{"line":60,"column":2},"end":{"line":60,"column":14}}},"fnMap":{"0":{"name":"(anonymous_0)","decl":{"start":{"line":4,"column":17},"end":{"line":4,"column":18}},"loc":{"start":{"line":4,"column":43},"end":{"line":61,"column":1}},"line":4},"1":{"name":"(anonymous_1)","decl":{"start":{"line":11,"column":4},"end":{"line":11,"column":5}},"loc":{"start":{"line":11,"column":29},"end":{"line":15,"column":5}},"line":11},"2":{"name":"(anonymous_2)","decl":{"start":{"line":56,"column":20},"end":{"line":56,"column":21}},"loc":{"start":{"line":56,"column":27},"end":{"line":58,"column":3}},"line":56}},"branchMap":{},"s":{"0":1,"1":1,"2":1,"3":1,"4":1,"5":1,"6":1,"7":4,"8":1},"f":{"0":1,"1":1,"2":4},"b":{},"_coverageSchema":"1a1c01bbd47fc00a2c39e90264f33305004495a9","hash":"84f5cdf89e624c7cc08ae10cf966a622f750074b"}
,"D:\\Hacktiv8\\p2\\ip\\yomi\\server\\routes\\index.js": {"path":"D:\\Hacktiv8\\p2\\ip\\yomi\\server\\routes\\index.js","statementMap":{"0":{"start":{"line":1,"column":16},"end":{"line":1,"column":34}},"1":{"start":{"line":2,"column":23},"end":{"line":2,"column":53}},"2":{"start":{"line":3,"column":19},"end":{"line":3,"column":44}},"3":{"start":{"line":4,"column":27},"end":{"line":4,"column":67}},"4":{"start":{"line":5,"column":60},"end":{"line":5,"column":99}},"5":{"start":{"line":6,"column":26},"end":{"line":6,"column":59}},"6":{"start":{"line":7,"column":15},"end":{"line":7,"column":31}},"7":{"start":{"line":9,"column":0},"end":{"line":11,"column":3}},"8":{"start":{"line":10,"column":2},"end":{"line":10,"column":20}},"9":{"start":{"line":14,"column":0},"end":{"line":14,"column":50}},"10":{"start":{"line":15,"column":0},"end":{"line":15,"column":44}},"11":{"start":{"line":17,"column":0},"end":{"line":17,"column":57}},"12":{"start":{"line":19,"column":0},"end":{"line":19,"column":51}},"13":{"start":{"line":22,"column":0},"end":{"line":22,"column":26}},"14":{"start":{"line":23,"column":0},"end":{"line":23,"column":45}},"15":{"start":{"line":25,"column":0},"end":{"line":25,"column":68}},"16":{"start":{"line":27,"column":0},"end":{"line":27,"column":52}},"17":{"start":{"line":29,"column":0},"end":{"line":29,"column":64}},"18":{"start":{"line":31,"column":0},"end":{"line":31,"column":76}},"19":{"start":{"line":33,"column":0},"end":{"line":33,"column":61}},"20":{"start":{"line":34,"column":0},"end":{"line":34,"column":62}},"21":{"start":{"line":36,"column":0},"end":{"line":36,"column":67}},"22":{"start":{"line":40,"column":0},"end":{"line":40,"column":24}}},"fnMap":{"0":{"name":"(anonymous_0)","decl":{"start":{"line":9,"column":16},"end":{"line":9,"column":17}},"loc":{"start":{"line":9,"column":30},"end":{"line":11,"column":1}},"line":9}},"branchMap":{},"s":{"0":1,"1":1,"2":1,"3":1,"4":1,"5":1,"6":1,"7":1,"8":0,"9":1,"10":1,"11":1,"12":1,"13":1,"14":1,"15":1,"16":1,"17":1,"18":1,"19":1,"20":1,"21":1,"22":1},"f":{"0":0},"b":{},"_coverageSchema":"1a1c01bbd47fc00a2c39e90264f33305004495a9","hash":"2cdc9c6825a99e6b924fb573d6bddeafeba7bae1"}
}
