TN:
SF:app.js
FNF:0
FNH:0
DA:1,1
DA:2,1
DA:4,1
DA:5,1
DA:6,1
DA:7,1
DA:8,1
DA:10,1
DA:12,1
DA:13,1
DA:14,1
DA:16,1
DA:17,1
DA:23,1
LF:14
LH:14
BRDA:1,0,0,1
BRDA:1,0,1,0
BRDA:10,1,0,1
BRDA:10,1,1,1
BRF:4
BRH:3
end_of_record
TN:
SF:controllers\index.js
FN:5,(anonymous_0)
FN:23,(anonymous_1)
FN:36,(anonymous_2)
FN:71,(anonymous_3)
FN:82,(anonymous_4)
FN:102,(anonymous_5)
FN:112,(anonymous_6)
FN:124,(anonymous_7)
FNF:8
FNH:4
FNDA:0,(anonymous_0)
FNDA:1,(anonymous_1)
FNDA:0,(anonymous_2)
FNDA:1,(anonymous_3)
FNDA:0,(anonymous_4)
FNDA:0,(anonymous_5)
FNDA:1,(anonymous_6)
FNDA:1,(anonymous_7)
DA:1,1
DA:2,1
DA:4,1
DA:6,0
DA:7,0
DA:8,0
DA:16,0
DA:17,0
DA:19,0
DA:24,1
DA:25,1
DA:26,1
DA:28,1
DA:30,1
DA:32,0
DA:37,0
DA:38,0
DA:39,0
DA:40,0
DA:41,0
DA:42,0
DA:43,0
DA:44,0
DA:46,0
DA:47,0
DA:49,0
DA:58,0
DA:59,0
DA:60,0
DA:62,0
DA:65,0
DA:67,0
DA:72,1
DA:73,1
DA:74,1
DA:79,0
DA:80,0
DA:82,0
DA:83,0
DA:88,0
DA:94,0
DA:98,1
DA:103,0
DA:104,0
DA:105,0
DA:106,0
DA:108,0
DA:113,1
DA:114,1
DA:115,1
DA:116,1
DA:118,1
DA:120,0
DA:125,1
DA:126,1
DA:127,1
DA:129,1
DA:131,0
LF:58
LH:21
BRDA:16,0,0,0
BRDA:16,0,1,0
BRDA:40,1,0,0
BRDA:40,1,1,0
BRDA:41,2,0,0
BRDA:41,2,1,0
BRDA:42,3,0,0
BRDA:42,3,1,0
BRDA:44,4,0,0
BRDA:44,4,1,0
BRDA:58,5,0,0
BRDA:58,5,1,0
BRDA:58,6,0,0
BRDA:58,6,1,0
BRDA:80,7,0,0
BRDA:80,7,1,0
BRF:16
BRH:0
end_of_record
TN:
SF:controllers\payment.js
FN:6,(anonymous_0)
FNF:1
FNH:0
FNDA:0,(anonymous_0)
DA:1,1
DA:2,1
DA:3,1
DA:5,1
DA:7,0
DA:8,0
DA:9,0
DA:11,0
DA:16,0
DA:29,0
DA:30,0
DA:32,0
DA:39,0
DA:41,0
LF:14
LH:4
BRF:0
BRH:0
end_of_record
TN:
SF:controllers\user.js
FN:8,(anonymous_0)
FN:18,(anonymous_1)
FN:41,(anonymous_2)
FN:68,(anonymous_3)
FNF:4
FNH:2
FNDA:7,(anonymous_0)
FNDA:5,(anonymous_1)
FNDA:0,(anonymous_2)
FNDA:0,(anonymous_3)
DA:1,1
DA:2,1
DA:3,1
DA:4,1
DA:5,1
DA:7,1
DA:9,7
DA:10,7
DA:11,7
DA:12,1
DA:14,6
DA:19,5
DA:20,5
DA:21,5
DA:22,4
DA:24,3
DA:25,3
DA:27,2
DA:28,2
DA:31,1
DA:32,1
DA:34,1
DA:35,1
DA:37,4
DA:42,0
DA:43,0
DA:47,0
DA:49,0
DA:51,0
DA:52,0
DA:58,0
DA:59,0
DA:61,0
DA:62,0
DA:64,0
DA:69,0
DA:70,0
DA:71,0
DA:72,0
DA:73,0
DA:75,0
LF:41
LH:24
BRDA:21,0,0,1
BRDA:21,0,1,4
BRDA:22,1,0,1
BRDA:22,1,1,3
BRDA:25,2,0,1
BRDA:25,2,1,2
BRDA:28,3,0,1
BRDA:28,3,1,1
BRDA:32,4,0,0
BRDA:32,4,1,1
BRDA:51,5,0,0
BRDA:51,5,1,0
BRDA:59,6,0,0
BRDA:59,6,1,0
BRDA:72,7,0,0
BRDA:72,7,1,0
BRF:16
BRH:9
end_of_record
TN:
SF:helpers\bcrypt.js
FN:3,(anonymous_0)
FN:7,(anonymous_1)
FNF:2
FNH:2
FNDA:4,(anonymous_0)
FNDA:2,(anonymous_1)
DA:1,1
DA:3,1
DA:4,4
DA:7,1
DA:8,2
DA:11,1
LF:6
LH:6
BRF:0
BRH:0
end_of_record
TN:
SF:helpers\jwt.js
FN:4,(anonymous_0)
FN:8,(anonymous_1)
FNF:2
FNH:2
FNDA:2,(anonymous_0)
FNDA:13,(anonymous_1)
DA:1,1
DA:2,1
DA:4,1
DA:5,2
DA:8,1
DA:9,13
DA:12,1
LF:7
LH:7
BRF:0
BRH:0
end_of_record
TN:
SF:middlewares\authentication.js
FN:4,(anonymous_0)
FNF:1
FNH:1
FNDA:17,(anonymous_0)
DA:1,1
DA:2,1
DA:4,1
DA:5,17
DA:6,17
DA:7,17
DA:9,13
DA:10,13
DA:12,13
DA:13,9
DA:14,9
DA:16,9
DA:17,9
DA:18,9
DA:20,8
DA:24,1
LF:16
LH:16
BRDA:7,0,0,4
BRDA:7,0,1,13
BRDA:10,1,0,0
BRDA:10,1,1,13
BRF:4
BRH:3
end_of_record
TN:
SF:middlewares\authorization.js
FN:3,(anonymous_0)
FN:19,(anonymous_1)
FN:35,(anonymous_2)
FNF:3
FNH:3
FNDA:3,(anonymous_0)
FNDA:4,(anonymous_1)
FNDA:2,(anonymous_2)
DA:1,1
DA:3,1
DA:4,3
DA:5,3
DA:6,3
DA:7,3
DA:9,2
DA:10,1
DA:12,1
DA:15,2
DA:19,1
DA:20,4
DA:21,4
DA:22,4
DA:23,4
DA:25,2
DA:26,2
DA:28,0
DA:31,2
DA:35,1
DA:36,2
DA:38,2
DA:39,2
DA:42,2
DA:44,1
DA:47,1
DA:48,1
DA:50,1
DA:51,1
DA:53,0
DA:54,0
DA:57,1
DA:59,1
DA:63,1
LF:34
LH:31
BRDA:7,0,0,1
BRDA:7,0,1,2
BRDA:9,1,0,1
BRDA:9,1,1,1
BRDA:23,2,0,2
BRDA:23,2,1,2
BRDA:25,3,0,2
BRDA:25,3,1,0
BRDA:42,4,0,1
BRDA:42,4,1,1
BRDA:48,5,0,1
BRDA:48,5,1,0
BRDA:50,6,0,0
BRDA:50,6,1,1
BRDA:53,7,0,0
BRDA:53,7,1,0
BRF:16
BRH:11
end_of_record
TN:
SF:middlewares\errorhandler.js
FN:1,(anonymous_0)
FNF:1
FNH:1
FNDA:24,(anonymous_0)
DA:1,1
DA:2,24
DA:4,24
DA:7,6
DA:8,6
DA:10,1
DA:12,2
DA:13,1
DA:15,1
DA:16,1
DA:18,2
DA:19,2
DA:21,1
DA:22,1
DA:24,2
DA:25,2
DA:27,0
DA:28,0
DA:30,0
DA:31,0
DA:33,0
DA:34,0
DA:36,0
DA:37,0
DA:40,8
DA:41,8
DA:43,1
DA:44,1
DA:47,1
DA:48,1
DA:50,0
DA:51,0
DA:53,0
DA:54,0
DA:57,0
DA:58,0
DA:62,1
LF:37
LH:23
BRDA:4,0,0,5
BRDA:4,0,1,6
BRDA:4,0,2,1
BRDA:4,0,3,2
BRDA:4,0,4,1
BRDA:4,0,5,2
BRDA:4,0,6,1
BRDA:4,0,7,2
BRDA:4,0,8,0
BRDA:4,0,9,0
BRDA:4,0,10,0
BRDA:4,0,11,0
BRDA:4,0,12,4
BRDA:4,0,13,8
BRDA:4,0,14,1
BRDA:4,0,15,1
BRDA:4,0,16,1
BRDA:4,0,17,0
BRDA:4,0,18,0
BRDA:4,0,19,0
BRF:20
BRH:13
end_of_record
TN:
SF:models\index.js
FN:21,(anonymous_0)
FN:29,(anonymous_1)
FN:34,(anonymous_2)
FNF:3
FNH:3
FNDA:5,(anonymous_0)
FNDA:4,(anonymous_1)
FNDA:4,(anonymous_2)
DA:3,1
DA:4,1
DA:5,1
DA:6,1
DA:7,1
DA:8,1
DA:9,1
DA:10,1
DA:13,1
DA:14,0
DA:16,1
DA:19,1
DA:22,5
DA:30,4
DA:31,4
DA:34,1
DA:35,4
DA:36,4
DA:40,1
DA:41,1
DA:43,1
LF:21
LH:20
BRDA:8,0,0,1
BRDA:8,0,1,0
BRDA:13,1,0,0
BRDA:13,1,1,1
BRDA:23,2,0,5
BRDA:23,2,1,5
BRDA:23,2,2,4
BRDA:23,2,3,4
BRDA:35,3,0,4
BRDA:35,3,1,0
BRF:10
BRH:7
end_of_record
TN:
SF:models\list.js
FN:5,(anonymous_0)
FN:12,(anonymous_1)
FNF:2
FNH:2
FNDA:1,(anonymous_0)
FNDA:1,(anonymous_1)
DA:4,1
DA:5,1
DA:14,1
DA:17,1
DA:36,1
LF:5
LH:5
BRF:0
BRH:0
end_of_record
TN:
SF:models\order.js
FN:5,(anonymous_0)
FN:12,(anonymous_1)
FNF:2
FNH:2
FNDA:1,(anonymous_0)
FNDA:1,(anonymous_1)
DA:4,1
DA:5,1
DA:14,1
DA:17,1
DA:39,1
LF:5
LH:5
BRF:0
BRH:0
end_of_record
TN:
SF:models\profile.js
FN:5,(anonymous_0)
FN:12,(anonymous_1)
FNF:2
FNH:2
FNDA:1,(anonymous_0)
FNDA:1,(anonymous_1)
DA:4,1
DA:5,1
DA:14,1
DA:15,1
DA:18,1
DA:47,1
LF:6
LH:6
BRF:0
BRH:0
end_of_record
TN:
SF:models\user.js
FN:4,(anonymous_0)
FN:11,(anonymous_1)
FN:56,(anonymous_2)
FNF:3
FNH:3
FNDA:1,(anonymous_0)
FNDA:1,(anonymous_1)
FNDA:4,(anonymous_2)
DA:2,1
DA:3,1
DA:4,1
DA:13,1
DA:14,1
DA:17,1
DA:56,1
DA:57,4
DA:60,1
LF:9
LH:9
BRF:0
BRH:0
end_of_record
TN:
SF:routes\index.js
FN:9,(anonymous_0)
FNF:1
FNH:0
FNDA:0,(anonymous_0)
DA:1,1
DA:2,1
DA:3,1
DA:4,1
DA:5,1
DA:6,1
DA:7,1
DA:9,1
DA:10,0
DA:14,1
DA:15,1
DA:17,1
DA:19,1
DA:22,1
DA:23,1
DA:25,1
DA:27,1
DA:29,1
DA:31,1
DA:33,1
DA:34,1
DA:36,1
DA:40,1
LF:23
LH:22
BRF:0
BRH:0
end_of_record
